<?xml version="1.0" encoding="UTF-8"?>
<!-- Generated by org.testng.reporters.JUnitXMLReporter -->
<testsuite ignored="1" hostname="SMRUTI-SOURAV" failures="0" tests="4" name="Default test" time="1.11" errors="0" timestamp="03 Feb 2024 13:53:01 GMT">
  <testcase classname="com.sdw.dataprovider.DataProviderWithExcel" name="test2ExcelHash" time="0.011"/>
  <testcase classname="com.sdw.dataprovider.DataProviderWithExcel" name="test2ExcelHash" time="0.003"/>
  <testcase classname="com.sdw.dataprovider.DataProviderWithExcel" name="test2ExcelHash" time="0.004"/>
  <testcase classname="com.sdw.dataprovider.DataProviderWithExcel" name="test2ExcelHash" time="0.004"/>
  <testcase classname="com.sdw.dataprovider.DataProviderWithExcel" name="test1Excel" time="0.0">
    <ignored/>
  </testcase> <!-- test1Excel -->
</testsuite> <!-- Default test -->
