<?xml version="1.0" encoding="UTF-8"?>
<!-- Generated by org.testng.reporters.JUnitXMLReporter -->
<testsuite ignored="0" hostname="SMRUTI-SOURAV" failures="0" tests="5" name="Test" time="26.376" errors="0" timestamp="16 Jan 2024 15:04:00 GMT">
  <testcase classname="com.sdw.tests.LoginClass" name="test" time="4.991"/>
  <testcase classname="com.sdw.tests.LoginClass" name="testSite1" time="10.494"/>
  <testcase classname="com.sdw.tests.Home" name="test1" time="0.33"/>
  <testcase classname="com.sdw.tests.Home" name="test3" time="0.038"/>
  <testcase classname="com.sdw.tests.Home" name="test2" time="0.557"/>
</testsuite> <!-- Test -->
