<?xml version="1.0" encoding="UTF-8"?>
<testng-results ignored="0" total="3" passed="3" failed="0" skipped="0">
  <reporter-output>
  </reporter-output>
  <suite started-at="2024-01-16T10:16:36Z" name="Suite" finished-at="2024-01-16T10:16:57Z" duration-ms="20939">
    <groups>
    </groups>
    <test started-at="2024-01-16T10:16:36Z" name="Test" finished-at="2024-01-16T10:16:57Z" duration-ms="20939">
      <class name="com.sdw.tests.LoginClass">
        <test-method is-config="true" signature="setUp()[pri:0, instance:com.sdw.tests.LoginClass@45a4b042]" started-at="2024-01-16T10:16:36Z" name="setUp" finished-at="2024-01-16T10:16:46Z" duration-ms="9624" status="PASS">
          <reporter-output>
          </reporter-output>
        </test-method> <!-- setUp -->
        <test-method signature="test1()[pri:0, instance:com.sdw.tests.LoginClass@45a4b042]" started-at="2024-01-16T10:16:46Z" name="test1" finished-at="2024-01-16T10:16:51Z" duration-ms="4497" status="PASS">
          <reporter-output>
          </reporter-output>
        </test-method> <!-- test1 -->
        <test-method is-config="true" signature="tearDown()[pri:0, instance:com.sdw.tests.LoginClass@45a4b042]" started-at="2024-01-16T10:16:51Z" name="tearDown" finished-at="2024-01-16T10:16:51Z" duration-ms="915" status="PASS">
          <reporter-output>
          </reporter-output>
        </test-method> <!-- tearDown -->
      </class> <!-- com.sdw.tests.LoginClass -->
      <class name="com.sdw.tests.Home">
        <test-method is-config="true" signature="setUp()[pri:0, instance:com.sdw.tests.Home@16b2bb0c]" started-at="2024-01-16T10:16:36Z" name="setUp" finished-at="2024-01-16T10:16:46Z" duration-ms="9996" status="PASS">
          <reporter-output>
          </reporter-output>
        </test-method> <!-- setUp -->
        <test-method signature="test1()[pri:0, instance:com.sdw.tests.Home@16b2bb0c]" started-at="2024-01-16T10:16:46Z" name="test1" finished-at="2024-01-16T10:16:50Z" duration-ms="4089" status="PASS">
          <reporter-output>
          </reporter-output>
        </test-method> <!-- test1 -->
        <test-method is-config="true" signature="tearDown()[pri:0, instance:com.sdw.tests.Home@16b2bb0c]" started-at="2024-01-16T10:16:50Z" name="tearDown" finished-at="2024-01-16T10:16:52Z" duration-ms="1086" status="PASS">
          <reporter-output>
          </reporter-output>
        </test-method> <!-- tearDown -->
        <test-method is-config="true" signature="setUp()[pri:0, instance:com.sdw.tests.Home@16b2bb0c]" started-at="2024-01-16T10:16:51Z" name="setUp" finished-at="2024-01-16T10:16:56Z" duration-ms="4230" status="PASS">
          <reporter-output>
          </reporter-output>
        </test-method> <!-- setUp -->
        <test-method signature="test2()[pri:0, instance:com.sdw.tests.Home@16b2bb0c]" started-at="2024-01-16T10:16:56Z" name="test2" finished-at="2024-01-16T10:16:56Z" duration-ms="590" status="PASS">
          <reporter-output>
          </reporter-output>
        </test-method> <!-- test2 -->
        <test-method is-config="true" signature="tearDown()[pri:0, instance:com.sdw.tests.Home@16b2bb0c]" started-at="2024-01-16T10:16:56Z" name="tearDown" finished-at="2024-01-16T10:16:57Z" duration-ms="968" status="PASS">
          <reporter-output>
          </reporter-output>
        </test-method> <!-- tearDown -->
      </class> <!-- com.sdw.tests.Home -->
    </test> <!-- Test -->
  </suite> <!-- Suite -->
</testng-results>
